<?xml version="1.0" encoding="UTF-8"?>
<!-- Generated by org.testng.reporters.JUnitReportReporter -->
<testsuite hostname="david-K55VM" failures="0" tests="4" name="demo.loginDDT" time="0.014" errors="0" timestamp="2019-12-27T20:21:25 CET" skipped="0">
  <testcase classname="demo.loginDDT" name="loginTest" time="0.001"/>
  <testcase classname="demo.loginDDT" name="loginTest" time="0.009"/>
  <testcase classname="demo.loginDDT" name="loginTest" time="0.002"/>
  <testcase classname="demo.loginDDT" name="loginTest" time="0.002"/>
</testsuite> <!-- demo.loginDDT -->
